<?xml version="1.0" encoding="UTF-8"?>
<robot generator="Robot 6.1.1 (Python 3.10.12 on linux)" generated="20241111 14:52:19.306" rpa="false" schemaversion="4">
<suite id="s1" name="Tests" source="/home/acpeltol/Documents/ohtu_teht/palautusrepositorio/viikko3/hello-robot/src/tests">
<suite id="s1-s1" name="Increase Counter" source="/home/acpeltol/Documents/ohtu_teht/palautusrepositorio/viikko3/hello-robot/src/tests/increase_counter.robot">
<test id="s1-s1-t1" name="Increase Counter Once" line="5">
<kw name="Counter Value Should Be" library="CounterLibrary">
<arg>0</arg>
<status status="PASS" starttime="20241111 14:52:19.318" endtime="20241111 14:52:19.318"/>
</kw>
<kw name="Increase Counter" library="CounterLibrary">
<status status="PASS" starttime="20241111 14:52:19.318" endtime="20241111 14:52:19.318"/>
</kw>
<kw name="Counter Value Should Be" library="CounterLibrary">
<arg>1</arg>
<status status="PASS" starttime="20241111 14:52:19.318" endtime="20241111 14:52:19.318"/>
</kw>
<status status="PASS" starttime="20241111 14:52:19.317" endtime="20241111 14:52:19.318"/>
</test>
<test id="s1-s1-t2" name="Increase Counter Many Times" line="10">
<kw name="Counter Value Should Be" library="CounterLibrary">
<arg>0</arg>
<status status="PASS" starttime="20241111 14:52:19.319" endtime="20241111 14:52:19.319"/>
</kw>
<kw name="Increase Counter" library="CounterLibrary">
<status status="PASS" starttime="20241111 14:52:19.319" endtime="20241111 14:52:19.319"/>
</kw>
<kw name="Increase Counter" library="CounterLibrary">
<status status="PASS" starttime="20241111 14:52:19.319" endtime="20241111 14:52:19.319"/>
</kw>
<kw name="Increase Counter" library="CounterLibrary">
<status status="PASS" starttime="20241111 14:52:19.319" endtime="20241111 14:52:19.319"/>
</kw>
<kw name="Counter Value Should Be" library="CounterLibrary">
<arg>3</arg>
<status status="PASS" starttime="20241111 14:52:19.319" endtime="20241111 14:52:19.319"/>
</kw>
<status status="PASS" starttime="20241111 14:52:19.318" endtime="20241111 14:52:19.319"/>
</test>
<test id="s1-s1-t3" name="Increment Counter By Amount" line="17">
<kw name="Counter Value Should Be" library="CounterLibrary">
<arg>0</arg>
<status status="PASS" starttime="20241111 14:52:19.319" endtime="20241111 14:52:19.319"/>
</kw>
<kw name="Increment Counter By" library="CounterLibrary">
<arg>5</arg>
<status status="PASS" starttime="20241111 14:52:19.320" endtime="20241111 14:52:19.320"/>
</kw>
<kw name="Counter Value Should Be" library="CounterLibrary">
<arg>5</arg>
<status status="PASS" starttime="20241111 14:52:19.320" endtime="20241111 14:52:19.320"/>
</kw>
<status status="PASS" starttime="20241111 14:52:19.319" endtime="20241111 14:52:19.320"/>
</test>
<test id="s1-s1-t4" name="Reset Counter After Several Increments" line="22">
<kw name="Counter Value Should Be" library="CounterLibrary">
<arg>0</arg>
<status status="PASS" starttime="20241111 14:52:19.320" endtime="20241111 14:52:19.320"/>
</kw>
<kw name="Increment Counter By" library="CounterLibrary">
<arg>5</arg>
<status status="PASS" starttime="20241111 14:52:19.320" endtime="20241111 14:52:19.320"/>
</kw>
<kw name="Counter Value Should Be" library="CounterLibrary">
<arg>5</arg>
<status status="PASS" starttime="20241111 14:52:19.320" endtime="20241111 14:52:19.320"/>
</kw>
<kw name="Reset Counter" library="CounterLibrary">
<status status="PASS" starttime="20241111 14:52:19.320" endtime="20241111 14:52:19.320"/>
</kw>
<kw name="Counter Value Should Be" library="CounterLibrary">
<arg>0</arg>
<status status="PASS" starttime="20241111 14:52:19.321" endtime="20241111 14:52:19.321"/>
</kw>
<status status="PASS" starttime="20241111 14:52:19.320" endtime="20241111 14:52:19.321"/>
</test>
<status status="PASS" starttime="20241111 14:52:19.316" endtime="20241111 14:52:19.321"/>
</suite>
<status status="PASS" starttime="20241111 14:52:19.307" endtime="20241111 14:52:19.321"/>
</suite>
<statistics>
<total>
<stat pass="4" fail="0" skip="0">All Tests</stat>
</total>
<tag>
</tag>
<suite>
<stat pass="4" fail="0" skip="0" id="s1" name="Tests">Tests</stat>
<stat pass="4" fail="0" skip="0" id="s1-s1" name="Increase Counter">Tests.Increase Counter</stat>
</suite>
</statistics>
<errors>
</errors>
</robot>
