<?xml version="1.0" encoding="UTF-8"?>
<robot generator="Robot 6.1.1 (Python 3.10.12 on linux)" generated="20241112 13:24:17.694" rpa="false" schemaversion="4">
<suite id="s1" name="Tests" source="/home/acpeltol/Documents/ohtu_teht/palautusrepositorio/viikko3/web-login/src/tests">
<suite id="s1-s1" name="Home" source="/home/acpeltol/Documents/ohtu_teht/palautusrepositorio/viikko3/web-login/src/tests/home.robot">
<kw name="Open And Configure Browser" library="resource" type="SETUP">
<if>
<branch type="IF" condition="$BROWSER == 'chrome'">
<kw name="Evaluate" library="BuiltIn">
<var>${options}</var>
<arg>sys.modules['selenium.webdriver'].ChromeOptions()</arg>
<arg>sys</arg>
<doc>Evaluates the given expression in Python and returns the result.</doc>
<msg timestamp="20241112 13:24:17.956" level="INFO">${options} = &lt;selenium.webdriver.chrome.options.Options object at 0x740a2e1a81c0&gt;</msg>
<status status="PASS" starttime="20241112 13:24:17.955" endtime="20241112 13:24:17.956"/>
</kw>
<status status="PASS" starttime="20241112 13:24:17.940" endtime="20241112 13:24:17.956"/>
</branch>
<branch type="ELSE IF" condition="$BROWSER == 'firefox'">
<kw name="Evaluate" library="BuiltIn">
<var>${options}</var>
<arg>sys.modules['selenium.webdriver'].FirefoxOptions()</arg>
<arg>sys</arg>
<doc>Evaluates the given expression in Python and returns the result.</doc>
<status status="NOT RUN" starttime="20241112 13:24:17.956" endtime="20241112 13:24:17.956"/>
</kw>
<status status="NOT RUN" starttime="20241112 13:24:17.956" endtime="20241112 13:24:17.956"/>
</branch>
<status status="PASS" starttime="20241112 13:24:17.940" endtime="20241112 13:24:17.956"/>
</if>
<if>
<branch type="IF" condition="$HEADLESS == 'true'">
<kw name="Set Selenium Speed" library="SeleniumLibrary">
<arg>0</arg>
<doc>Sets the delay that is waited after each Selenium command.</doc>
<status status="NOT RUN" starttime="20241112 13:24:17.957" endtime="20241112 13:24:17.957"/>
</kw>
<kw name="Call Method" library="BuiltIn">
<arg>${options}</arg>
<arg>add_argument</arg>
<arg>--headless</arg>
<doc>Calls the named method of the given object with the provided arguments.</doc>
<status status="NOT RUN" starttime="20241112 13:24:17.957" endtime="20241112 13:24:17.957"/>
</kw>
<status status="NOT RUN" starttime="20241112 13:24:17.956" endtime="20241112 13:24:17.957"/>
</branch>
<branch type="ELSE">
<kw name="Set Selenium Speed" library="SeleniumLibrary">
<arg>${DELAY}</arg>
<doc>Sets the delay that is waited after each Selenium command.</doc>
<status status="PASS" starttime="20241112 13:24:17.957" endtime="20241112 13:24:17.957"/>
</kw>
<status status="PASS" starttime="20241112 13:24:17.957" endtime="20241112 13:24:17.957"/>
</branch>
<status status="PASS" starttime="20241112 13:24:17.956" endtime="20241112 13:24:17.957"/>
</if>
<kw name="Open Browser" library="SeleniumLibrary">
<arg>browser=${BROWSER}</arg>
<arg>options=${options}</arg>
<doc>Opens a new browser instance to the optional ``url``.</doc>
<msg timestamp="20241112 13:24:17.958" level="INFO">Opening browser 'chrome' to base url 'None'.</msg>
<status status="PASS" starttime="20241112 13:24:17.957" endtime="20241112 13:24:18.648"/>
</kw>
<status status="PASS" starttime="20241112 13:24:17.939" endtime="20241112 13:24:18.648"/>
</kw>
<test id="s1-s1-t1" name="Click Login Link" line="8">
<kw name="Reset Application And Go To Starting Page" type="SETUP">
<kw name="Reset Application" library="AppLibrary">
<status status="PASS" starttime="20241112 13:24:18.649" endtime="20241112 13:24:18.656"/>
</kw>
<kw name="Go To Starting Page" library="resource">
<kw name="Go To" library="SeleniumLibrary">
<arg>${HOME_URL}</arg>
<doc>Navigates the current browser window to the provided ``url``.</doc>
<msg timestamp="20241112 13:24:18.657" level="INFO">Opening url 'http://localhost:5001'</msg>
<status status="PASS" starttime="20241112 13:24:18.657" endtime="20241112 13:24:18.739"/>
</kw>
<status status="PASS" starttime="20241112 13:24:18.656" endtime="20241112 13:24:18.739"/>
</kw>
<status status="PASS" starttime="20241112 13:24:18.649" endtime="20241112 13:24:18.740"/>
</kw>
<kw name="Click Link" library="SeleniumLibrary">
<arg>Login</arg>
<doc>Clicks a link identified by ``locator``.</doc>
<msg timestamp="20241112 13:24:18.742" level="INFO">Clicking link 'Login'.</msg>
<status status="PASS" starttime="20241112 13:24:18.740" endtime="20241112 13:24:18.887"/>
</kw>
<kw name="Login Page Should Be Open" library="resource">
<kw name="Title Should Be" library="SeleniumLibrary">
<arg>Login</arg>
<doc>Verifies that the current page title equals ``title``.</doc>
<msg timestamp="20241112 13:24:18.902" level="INFO">Page title is 'Login'.</msg>
<status status="PASS" starttime="20241112 13:24:18.888" endtime="20241112 13:24:18.902"/>
</kw>
<status status="PASS" starttime="20241112 13:24:18.888" endtime="20241112 13:24:18.903"/>
</kw>
<status status="PASS" starttime="20241112 13:24:18.648" endtime="20241112 13:24:18.903"/>
</test>
<test id="s1-s1-t2" name="Click Register Link" line="12">
<kw name="Reset Application And Go To Starting Page" type="SETUP">
<kw name="Reset Application" library="AppLibrary">
<status status="PASS" starttime="20241112 13:24:18.906" endtime="20241112 13:24:18.913"/>
</kw>
<kw name="Go To Starting Page" library="resource">
<kw name="Go To" library="SeleniumLibrary">
<arg>${HOME_URL}</arg>
<doc>Navigates the current browser window to the provided ``url``.</doc>
<msg timestamp="20241112 13:24:18.915" level="INFO">Opening url 'http://localhost:5001'</msg>
<status status="PASS" starttime="20241112 13:24:18.914" endtime="20241112 13:24:18.960"/>
</kw>
<status status="PASS" starttime="20241112 13:24:18.913" endtime="20241112 13:24:18.961"/>
</kw>
<status status="PASS" starttime="20241112 13:24:18.905" endtime="20241112 13:24:18.961"/>
</kw>
<kw name="Click Link" library="SeleniumLibrary">
<arg>Register new user</arg>
<doc>Clicks a link identified by ``locator``.</doc>
<msg timestamp="20241112 13:24:18.963" level="INFO">Clicking link 'Register new user'.</msg>
<status status="PASS" starttime="20241112 13:24:18.961" endtime="20241112 13:24:19.122"/>
</kw>
<kw name="Register Page Should Be Open" library="resource">
<kw name="Title Should Be" library="SeleniumLibrary">
<arg>Register</arg>
<doc>Verifies that the current page title equals ``title``.</doc>
<msg timestamp="20241112 13:24:19.135" level="INFO">Page title is 'Register'.</msg>
<status status="PASS" starttime="20241112 13:24:19.124" endtime="20241112 13:24:19.136"/>
</kw>
<status status="PASS" starttime="20241112 13:24:19.123" endtime="20241112 13:24:19.136"/>
</kw>
<status status="PASS" starttime="20241112 13:24:18.904" endtime="20241112 13:24:19.136"/>
</test>
<kw name="Close Browser" library="SeleniumLibrary" type="TEARDOWN">
<doc>Closes the current browser.</doc>
<status status="PASS" starttime="20241112 13:24:19.138" endtime="20241112 13:24:19.203"/>
</kw>
<status status="PASS" starttime="20241112 13:24:17.712" endtime="20241112 13:24:19.203"/>
</suite>
<suite id="s1-s2" name="Login" source="/home/acpeltol/Documents/ohtu_teht/palautusrepositorio/viikko3/web-login/src/tests/login.robot">
<kw name="Open And Configure Browser" library="resource" type="SETUP">
<if>
<branch type="IF" condition="$BROWSER == 'chrome'">
<kw name="Evaluate" library="BuiltIn">
<var>${options}</var>
<arg>sys.modules['selenium.webdriver'].ChromeOptions()</arg>
<arg>sys</arg>
<doc>Evaluates the given expression in Python and returns the result.</doc>
<msg timestamp="20241112 13:24:19.212" level="INFO">${options} = &lt;selenium.webdriver.chrome.options.Options object at 0x740a2d9c7850&gt;</msg>
<status status="PASS" starttime="20241112 13:24:19.211" endtime="20241112 13:24:19.212"/>
</kw>
<status status="PASS" starttime="20241112 13:24:19.211" endtime="20241112 13:24:19.212"/>
</branch>
<branch type="ELSE IF" condition="$BROWSER == 'firefox'">
<kw name="Evaluate" library="BuiltIn">
<var>${options}</var>
<arg>sys.modules['selenium.webdriver'].FirefoxOptions()</arg>
<arg>sys</arg>
<doc>Evaluates the given expression in Python and returns the result.</doc>
<status status="NOT RUN" starttime="20241112 13:24:19.212" endtime="20241112 13:24:19.212"/>
</kw>
<status status="NOT RUN" starttime="20241112 13:24:19.212" endtime="20241112 13:24:19.212"/>
</branch>
<status status="PASS" starttime="20241112 13:24:19.211" endtime="20241112 13:24:19.212"/>
</if>
<if>
<branch type="IF" condition="$HEADLESS == 'true'">
<kw name="Set Selenium Speed" library="SeleniumLibrary">
<arg>0</arg>
<doc>Sets the delay that is waited after each Selenium command.</doc>
<status status="NOT RUN" starttime="20241112 13:24:19.213" endtime="20241112 13:24:19.213"/>
</kw>
<kw name="Call Method" library="BuiltIn">
<arg>${options}</arg>
<arg>add_argument</arg>
<arg>--headless</arg>
<doc>Calls the named method of the given object with the provided arguments.</doc>
<status status="NOT RUN" starttime="20241112 13:24:19.213" endtime="20241112 13:24:19.213"/>
</kw>
<status status="NOT RUN" starttime="20241112 13:24:19.212" endtime="20241112 13:24:19.213"/>
</branch>
<branch type="ELSE">
<kw name="Set Selenium Speed" library="SeleniumLibrary">
<arg>${DELAY}</arg>
<doc>Sets the delay that is waited after each Selenium command.</doc>
<status status="PASS" starttime="20241112 13:24:19.213" endtime="20241112 13:24:19.214"/>
</kw>
<status status="PASS" starttime="20241112 13:24:19.213" endtime="20241112 13:24:19.214"/>
</branch>
<status status="PASS" starttime="20241112 13:24:19.212" endtime="20241112 13:24:19.214"/>
</if>
<kw name="Open Browser" library="SeleniumLibrary">
<arg>browser=${BROWSER}</arg>
<arg>options=${options}</arg>
<doc>Opens a new browser instance to the optional ``url``.</doc>
<msg timestamp="20241112 13:24:19.215" level="INFO">Opening browser 'chrome' to base url 'None'.</msg>
<status status="PASS" starttime="20241112 13:24:19.215" endtime="20241112 13:24:19.900"/>
</kw>
<status status="PASS" starttime="20241112 13:24:19.210" endtime="20241112 13:24:19.900"/>
</kw>
<test id="s1-s2-t1" name="Login With Correct Credentials" line="8">
<kw name="Reset Application Create User And Go To Login Page" type="SETUP">
<kw name="Reset Application" library="AppLibrary">
<status status="PASS" starttime="20241112 13:24:19.902" endtime="20241112 13:24:19.907"/>
</kw>
<kw name="Create User" library="AppLibrary">
<arg>kalle</arg>
<arg>kalle123</arg>
<status status="PASS" starttime="20241112 13:24:19.907" endtime="20241112 13:24:19.919"/>
</kw>
<kw name="Go To Login Page" library="resource">
<kw name="Go To" library="SeleniumLibrary">
<arg>${LOGIN_URL}</arg>
<doc>Navigates the current browser window to the provided ``url``.</doc>
<msg timestamp="20241112 13:24:19.922" level="INFO">Opening url 'http://localhost:5001/login'</msg>
<status status="PASS" starttime="20241112 13:24:19.921" endtime="20241112 13:24:20.006"/>
</kw>
<status status="PASS" starttime="20241112 13:24:19.920" endtime="20241112 13:24:20.006"/>
</kw>
<status status="PASS" starttime="20241112 13:24:19.901" endtime="20241112 13:24:20.006"/>
</kw>
<kw name="Set Username">
<arg>kalle</arg>
<kw name="Input Text" library="SeleniumLibrary">
<arg>username</arg>
<arg>${username}</arg>
<doc>Types the given ``text`` into the text field identified by ``locator``.</doc>
<msg timestamp="20241112 13:24:20.008" level="INFO">Typing text 'kalle' into text field 'username'.</msg>
<status status="PASS" starttime="20241112 13:24:20.007" endtime="20241112 13:24:20.231"/>
</kw>
<status status="PASS" starttime="20241112 13:24:20.006" endtime="20241112 13:24:20.232"/>
</kw>
<kw name="Set Password">
<arg>kalle123</arg>
<kw name="Input Password" library="SeleniumLibrary">
<arg>password</arg>
<arg>${password}</arg>
<doc>Types the given password into the text field identified by ``locator``.</doc>
<msg timestamp="20241112 13:24:20.235" level="INFO">Typing password into text field 'password'.</msg>
<msg timestamp="20241112 13:24:20.292" level="INFO">Temporally setting log level to: NONE</msg>
<msg timestamp="20241112 13:24:20.344" level="INFO">Log level changed from NONE to INFO.</msg>
<status status="PASS" starttime="20241112 13:24:20.234" endtime="20241112 13:24:20.344"/>
</kw>
<status status="PASS" starttime="20241112 13:24:20.232" endtime="20241112 13:24:20.344"/>
</kw>
<kw name="Submit Credentials">
<kw name="Click Button" library="SeleniumLibrary">
<arg>Login</arg>
<doc>Clicks the button identified by ``locator``.</doc>
<msg timestamp="20241112 13:24:20.347" level="INFO">Clicking button 'Login'.</msg>
<status status="PASS" starttime="20241112 13:24:20.346" endtime="20241112 13:24:20.478"/>
</kw>
<status status="PASS" starttime="20241112 13:24:20.345" endtime="20241112 13:24:20.478"/>
</kw>
<kw name="Login Should Succeed">
<kw name="Main Page Should Be Open" library="resource">
<kw name="Title Should Be" library="SeleniumLibrary">
<arg>Ohtu Application main page</arg>
<doc>Verifies that the current page title equals ``title``.</doc>
<msg timestamp="20241112 13:24:20.495" level="INFO">Page title is 'Ohtu Application main page'.</msg>
<status status="PASS" starttime="20241112 13:24:20.481" endtime="20241112 13:24:20.495"/>
</kw>
<status status="PASS" starttime="20241112 13:24:20.480" endtime="20241112 13:24:20.495"/>
</kw>
<status status="PASS" starttime="20241112 13:24:20.479" endtime="20241112 13:24:20.495"/>
</kw>
<status status="PASS" starttime="20241112 13:24:19.901" endtime="20241112 13:24:20.496"/>
</test>
<test id="s1-s2-t2" name="Login With Incorrect Password" line="14">
<kw name="Reset Application Create User And Go To Login Page" type="SETUP">
<kw name="Reset Application" library="AppLibrary">
<status status="PASS" starttime="20241112 13:24:20.498" endtime="20241112 13:24:20.504"/>
</kw>
<kw name="Create User" library="AppLibrary">
<arg>kalle</arg>
<arg>kalle123</arg>
<status status="PASS" starttime="20241112 13:24:20.504" endtime="20241112 13:24:20.516"/>
</kw>
<kw name="Go To Login Page" library="resource">
<kw name="Go To" library="SeleniumLibrary">
<arg>${LOGIN_URL}</arg>
<doc>Navigates the current browser window to the provided ``url``.</doc>
<msg timestamp="20241112 13:24:20.518" level="INFO">Opening url 'http://localhost:5001/login'</msg>
<status status="PASS" starttime="20241112 13:24:20.517" endtime="20241112 13:24:20.558"/>
</kw>
<status status="PASS" starttime="20241112 13:24:20.517" endtime="20241112 13:24:20.558"/>
</kw>
<status status="PASS" starttime="20241112 13:24:20.498" endtime="20241112 13:24:20.558"/>
</kw>
<kw name="Set Username">
<arg>kalle</arg>
<kw name="Input Text" library="SeleniumLibrary">
<arg>username</arg>
<arg>${username}</arg>
<doc>Types the given ``text`` into the text field identified by ``locator``.</doc>
<msg timestamp="20241112 13:24:20.560" level="INFO">Typing text 'kalle' into text field 'username'.</msg>
<status status="PASS" starttime="20241112 13:24:20.559" endtime="20241112 13:24:20.672"/>
</kw>
<status status="PASS" starttime="20241112 13:24:20.559" endtime="20241112 13:24:20.672"/>
</kw>
<kw name="Set Password">
<arg>kalle456</arg>
<kw name="Input Password" library="SeleniumLibrary">
<arg>password</arg>
<arg>${password}</arg>
<doc>Types the given password into the text field identified by ``locator``.</doc>
<msg timestamp="20241112 13:24:20.675" level="INFO">Typing password into text field 'password'.</msg>
<msg timestamp="20241112 13:24:20.736" level="INFO">Temporally setting log level to: NONE</msg>
<msg timestamp="20241112 13:24:20.818" level="INFO">Log level changed from NONE to INFO.</msg>
<status status="PASS" starttime="20241112 13:24:20.674" endtime="20241112 13:24:20.818"/>
</kw>
<status status="PASS" starttime="20241112 13:24:20.673" endtime="20241112 13:24:20.818"/>
</kw>
<kw name="Submit Credentials">
<kw name="Click Button" library="SeleniumLibrary">
<arg>Login</arg>
<doc>Clicks the button identified by ``locator``.</doc>
<msg timestamp="20241112 13:24:20.820" level="INFO">Clicking button 'Login'.</msg>
<status status="PASS" starttime="20241112 13:24:20.819" endtime="20241112 13:24:20.921"/>
</kw>
<status status="PASS" starttime="20241112 13:24:20.819" endtime="20241112 13:24:20.921"/>
</kw>
<kw name="Login Should Fail With Message">
<arg>Invalid username or password</arg>
<kw name="Login Page Should Be Open" library="resource">
<kw name="Title Should Be" library="SeleniumLibrary">
<arg>Login</arg>
<doc>Verifies that the current page title equals ``title``.</doc>
<msg timestamp="20241112 13:24:20.957" level="INFO">Page title is 'Login'.</msg>
<status status="PASS" starttime="20241112 13:24:20.923" endtime="20241112 13:24:20.957"/>
</kw>
<status status="PASS" starttime="20241112 13:24:20.922" endtime="20241112 13:24:20.957"/>
</kw>
<kw name="Page Should Contain" library="SeleniumLibrary">
<arg>${message}</arg>
<doc>Verifies that current page contains ``text``.</doc>
<msg timestamp="20241112 13:24:20.989" level="INFO">Current page contains text 'Invalid username or password'.</msg>
<status status="PASS" starttime="20241112 13:24:20.957" endtime="20241112 13:24:20.990"/>
</kw>
<status status="PASS" starttime="20241112 13:24:20.921" endtime="20241112 13:24:20.990"/>
</kw>
<status status="PASS" starttime="20241112 13:24:20.497" endtime="20241112 13:24:20.990"/>
</test>
<test id="s1-s2-t3" name="Login With Nonexistent Username" line="20">
<kw name="Reset Application Create User And Go To Login Page" type="SETUP">
<kw name="Reset Application" library="AppLibrary">
<status status="PASS" starttime="20241112 13:24:20.991" endtime="20241112 13:24:20.997"/>
</kw>
<kw name="Create User" library="AppLibrary">
<arg>kalle</arg>
<arg>kalle123</arg>
<status status="PASS" starttime="20241112 13:24:20.997" endtime="20241112 13:24:21.008"/>
</kw>
<kw name="Go To Login Page" library="resource">
<kw name="Go To" library="SeleniumLibrary">
<arg>${LOGIN_URL}</arg>
<doc>Navigates the current browser window to the provided ``url``.</doc>
<msg timestamp="20241112 13:24:21.009" level="INFO">Opening url 'http://localhost:5001/login'</msg>
<status status="PASS" starttime="20241112 13:24:21.009" endtime="20241112 13:24:21.046"/>
</kw>
<status status="PASS" starttime="20241112 13:24:21.008" endtime="20241112 13:24:21.046"/>
</kw>
<status status="PASS" starttime="20241112 13:24:20.991" endtime="20241112 13:24:21.047"/>
</kw>
<kw name="Set Username">
<arg>kalla</arg>
<kw name="Input Text" library="SeleniumLibrary">
<arg>username</arg>
<arg>${username}</arg>
<doc>Types the given ``text`` into the text field identified by ``locator``.</doc>
<msg timestamp="20241112 13:24:21.049" level="INFO">Typing text 'kalla' into text field 'username'.</msg>
<status status="PASS" starttime="20241112 13:24:21.048" endtime="20241112 13:24:21.171"/>
</kw>
<status status="PASS" starttime="20241112 13:24:21.047" endtime="20241112 13:24:21.171"/>
</kw>
<kw name="Set Password">
<arg>kalle456</arg>
<kw name="Input Password" library="SeleniumLibrary">
<arg>password</arg>
<arg>${password}</arg>
<doc>Types the given password into the text field identified by ``locator``.</doc>
<msg timestamp="20241112 13:24:21.173" level="INFO">Typing password into text field 'password'.</msg>
<msg timestamp="20241112 13:24:21.224" level="INFO">Temporally setting log level to: NONE</msg>
<msg timestamp="20241112 13:24:21.278" level="INFO">Log level changed from NONE to INFO.</msg>
<status status="PASS" starttime="20241112 13:24:21.172" endtime="20241112 13:24:21.278"/>
</kw>
<status status="PASS" starttime="20241112 13:24:21.171" endtime="20241112 13:24:21.279"/>
</kw>
<kw name="Submit Credentials">
<kw name="Click Button" library="SeleniumLibrary">
<arg>Login</arg>
<doc>Clicks the button identified by ``locator``.</doc>
<msg timestamp="20241112 13:24:21.282" level="INFO">Clicking button 'Login'.</msg>
<status status="PASS" starttime="20241112 13:24:21.280" endtime="20241112 13:24:21.382"/>
</kw>
<status status="PASS" starttime="20241112 13:24:21.279" endtime="20241112 13:24:21.383"/>
</kw>
<kw name="Login Should Fail With Message">
<arg>Invalid username or password</arg>
<kw name="Login Page Should Be Open" library="resource">
<kw name="Title Should Be" library="SeleniumLibrary">
<arg>Login</arg>
<doc>Verifies that the current page title equals ``title``.</doc>
<msg timestamp="20241112 13:24:21.406" level="INFO">Page title is 'Login'.</msg>
<status status="PASS" starttime="20241112 13:24:21.385" endtime="20241112 13:24:21.406"/>
</kw>
<status status="PASS" starttime="20241112 13:24:21.385" endtime="20241112 13:24:21.406"/>
</kw>
<kw name="Page Should Contain" library="SeleniumLibrary">
<arg>${message}</arg>
<doc>Verifies that current page contains ``text``.</doc>
<msg timestamp="20241112 13:24:21.427" level="INFO">Current page contains text 'Invalid username or password'.</msg>
<status status="PASS" starttime="20241112 13:24:21.406" endtime="20241112 13:24:21.428"/>
</kw>
<status status="PASS" starttime="20241112 13:24:21.384" endtime="20241112 13:24:21.428"/>
</kw>
<status status="PASS" starttime="20241112 13:24:20.991" endtime="20241112 13:24:21.428"/>
</test>
<kw name="Close Browser" library="SeleniumLibrary" type="TEARDOWN">
<doc>Closes the current browser.</doc>
<status status="PASS" starttime="20241112 13:24:21.430" endtime="20241112 13:24:21.499"/>
</kw>
<status status="PASS" starttime="20241112 13:24:19.205" endtime="20241112 13:24:21.499"/>
</suite>
<suite id="s1-s3" name="Register" source="/home/acpeltol/Documents/ohtu_teht/palautusrepositorio/viikko3/web-login/src/tests/register.robot">
<kw name="Open And Configure Browser" library="resource" type="SETUP">
<if>
<branch type="IF" condition="$BROWSER == 'chrome'">
<kw name="Evaluate" library="BuiltIn">
<var>${options}</var>
<arg>sys.modules['selenium.webdriver'].ChromeOptions()</arg>
<arg>sys</arg>
<doc>Evaluates the given expression in Python and returns the result.</doc>
<msg timestamp="20241112 13:24:21.509" level="INFO">${options} = &lt;selenium.webdriver.chrome.options.Options object at 0x740a2d87b580&gt;</msg>
<status status="PASS" starttime="20241112 13:24:21.508" endtime="20241112 13:24:21.509"/>
</kw>
<status status="PASS" starttime="20241112 13:24:21.508" endtime="20241112 13:24:21.509"/>
</branch>
<branch type="ELSE IF" condition="$BROWSER == 'firefox'">
<kw name="Evaluate" library="BuiltIn">
<var>${options}</var>
<arg>sys.modules['selenium.webdriver'].FirefoxOptions()</arg>
<arg>sys</arg>
<doc>Evaluates the given expression in Python and returns the result.</doc>
<status status="NOT RUN" starttime="20241112 13:24:21.509" endtime="20241112 13:24:21.509"/>
</kw>
<status status="NOT RUN" starttime="20241112 13:24:21.509" endtime="20241112 13:24:21.509"/>
</branch>
<status status="PASS" starttime="20241112 13:24:21.508" endtime="20241112 13:24:21.509"/>
</if>
<if>
<branch type="IF" condition="$HEADLESS == 'true'">
<kw name="Set Selenium Speed" library="SeleniumLibrary">
<arg>0</arg>
<doc>Sets the delay that is waited after each Selenium command.</doc>
<status status="NOT RUN" starttime="20241112 13:24:21.510" endtime="20241112 13:24:21.510"/>
</kw>
<kw name="Call Method" library="BuiltIn">
<arg>${options}</arg>
<arg>add_argument</arg>
<arg>--headless</arg>
<doc>Calls the named method of the given object with the provided arguments.</doc>
<status status="NOT RUN" starttime="20241112 13:24:21.510" endtime="20241112 13:24:21.510"/>
</kw>
<status status="NOT RUN" starttime="20241112 13:24:21.510" endtime="20241112 13:24:21.510"/>
</branch>
<branch type="ELSE">
<kw name="Set Selenium Speed" library="SeleniumLibrary">
<arg>${DELAY}</arg>
<doc>Sets the delay that is waited after each Selenium command.</doc>
<status status="PASS" starttime="20241112 13:24:21.510" endtime="20241112 13:24:21.511"/>
</kw>
<status status="PASS" starttime="20241112 13:24:21.510" endtime="20241112 13:24:21.511"/>
</branch>
<status status="PASS" starttime="20241112 13:24:21.510" endtime="20241112 13:24:21.511"/>
</if>
<kw name="Open Browser" library="SeleniumLibrary">
<arg>browser=${BROWSER}</arg>
<arg>options=${options}</arg>
<doc>Opens a new browser instance to the optional ``url``.</doc>
<msg timestamp="20241112 13:24:21.512" level="INFO">Opening browser 'chrome' to base url 'None'.</msg>
<status status="PASS" starttime="20241112 13:24:21.511" endtime="20241112 13:24:22.243"/>
</kw>
<status status="PASS" starttime="20241112 13:24:21.508" endtime="20241112 13:24:22.244"/>
</kw>
<test id="s1-s3-t1" name="Register With Valid Username And Password" line="9">
<kw name="Reset Application Create User And Go To Register Page" type="SETUP">
<kw name="Reset Application" library="AppLibrary">
<status status="PASS" starttime="20241112 13:24:22.246" endtime="20241112 13:24:22.253"/>
</kw>
<kw name="Go To Register Page" library="resource">
<kw name="Go To" library="SeleniumLibrary">
<arg>${REGISTER_URL}</arg>
<doc>Navigates the current browser window to the provided ``url``.</doc>
<msg timestamp="20241112 13:24:22.254" level="INFO">Opening url 'http://localhost:5001/register'</msg>
<status status="PASS" starttime="20241112 13:24:22.253" endtime="20241112 13:24:22.333"/>
</kw>
<status status="PASS" starttime="20241112 13:24:22.253" endtime="20241112 13:24:22.333"/>
</kw>
<status status="PASS" starttime="20241112 13:24:22.245" endtime="20241112 13:24:22.334"/>
</kw>
<kw name="Set Username">
<arg>Hella</arg>
<kw name="Input Text" library="SeleniumLibrary">
<arg>username</arg>
<arg>${username}</arg>
<doc>Types the given ``text`` into the text field identified by ``locator``.</doc>
<msg timestamp="20241112 13:24:22.336" level="INFO">Typing text 'Hella' into text field 'username'.</msg>
<status status="PASS" starttime="20241112 13:24:22.335" endtime="20241112 13:24:22.514"/>
</kw>
<status status="PASS" starttime="20241112 13:24:22.334" endtime="20241112 13:24:22.515"/>
</kw>
<kw name="Set Password">
<arg>Kevin_123</arg>
<kw name="Input Password" library="SeleniumLibrary">
<arg>password</arg>
<arg>${password}</arg>
<doc>Types the given password into the text field identified by ``locator``.</doc>
<msg timestamp="20241112 13:24:22.517" level="INFO">Typing password into text field 'password'.</msg>
<msg timestamp="20241112 13:24:22.569" level="INFO">Temporally setting log level to: NONE</msg>
<msg timestamp="20241112 13:24:22.624" level="INFO">Log level changed from NONE to INFO.</msg>
<status status="PASS" starttime="20241112 13:24:22.516" endtime="20241112 13:24:22.624"/>
</kw>
<status status="PASS" starttime="20241112 13:24:22.515" endtime="20241112 13:24:22.624"/>
</kw>
<kw name="Set Password_confirmation">
<arg>Kevin_123</arg>
<kw name="Input Password" library="SeleniumLibrary">
<arg>password_confirmation</arg>
<arg>${password_confirmation}</arg>
<doc>Types the given password into the text field identified by ``locator``.</doc>
<msg timestamp="20241112 13:24:22.626" level="INFO">Typing password into text field 'password_confirmation'.</msg>
<msg timestamp="20241112 13:24:22.681" level="INFO">Temporally setting log level to: NONE</msg>
<msg timestamp="20241112 13:24:22.737" level="INFO">Log level changed from NONE to INFO.</msg>
<status status="PASS" starttime="20241112 13:24:22.625" endtime="20241112 13:24:22.737"/>
</kw>
<status status="PASS" starttime="20241112 13:24:22.625" endtime="20241112 13:24:22.737"/>
</kw>
<kw name="Submit Credentials">
<kw name="Click Button" library="SeleniumLibrary">
<arg>Register</arg>
<doc>Clicks the button identified by ``locator``.</doc>
<msg timestamp="20241112 13:24:22.739" level="INFO">Clicking button 'Register'.</msg>
<status status="PASS" starttime="20241112 13:24:22.738" endtime="20241112 13:24:22.871"/>
</kw>
<status status="PASS" starttime="20241112 13:24:22.738" endtime="20241112 13:24:22.871"/>
</kw>
<kw name="Title Should Be" library="SeleniumLibrary">
<arg>Welcome to Ohtu Application!</arg>
<doc>Verifies that the current page title equals ``title``.</doc>
<msg timestamp="20241112 13:24:22.882" level="INFO">Page title is 'Welcome to Ohtu Application!'.</msg>
<status status="PASS" starttime="20241112 13:24:22.872" endtime="20241112 13:24:22.882"/>
</kw>
<status status="PASS" starttime="20241112 13:24:22.244" endtime="20241112 13:24:22.883"/>
</test>
<test id="s1-s3-t2" name="Register With Too Short Username And Valid Password" line="17">
<kw name="Reset Application Create User And Go To Register Page" type="SETUP">
<kw name="Reset Application" library="AppLibrary">
<status status="PASS" starttime="20241112 13:24:22.885" endtime="20241112 13:24:22.891"/>
</kw>
<kw name="Go To Register Page" library="resource">
<kw name="Go To" library="SeleniumLibrary">
<arg>${REGISTER_URL}</arg>
<doc>Navigates the current browser window to the provided ``url``.</doc>
<msg timestamp="20241112 13:24:22.892" level="INFO">Opening url 'http://localhost:5001/register'</msg>
<status status="PASS" starttime="20241112 13:24:22.892" endtime="20241112 13:24:22.936"/>
</kw>
<status status="PASS" starttime="20241112 13:24:22.891" endtime="20241112 13:24:22.937"/>
</kw>
<status status="PASS" starttime="20241112 13:24:22.884" endtime="20241112 13:24:22.937"/>
</kw>
<kw name="Set Username">
<arg>Al</arg>
<kw name="Input Text" library="SeleniumLibrary">
<arg>username</arg>
<arg>${username}</arg>
<doc>Types the given ``text`` into the text field identified by ``locator``.</doc>
<msg timestamp="20241112 13:24:22.939" level="INFO">Typing text 'Al' into text field 'username'.</msg>
<status status="PASS" starttime="20241112 13:24:22.938" endtime="20241112 13:24:23.058"/>
</kw>
<status status="PASS" starttime="20241112 13:24:22.937" endtime="20241112 13:24:23.058"/>
</kw>
<kw name="Set Password">
<arg>Kevin_123</arg>
<kw name="Input Password" library="SeleniumLibrary">
<arg>password</arg>
<arg>${password}</arg>
<doc>Types the given password into the text field identified by ``locator``.</doc>
<msg timestamp="20241112 13:24:23.060" level="INFO">Typing password into text field 'password'.</msg>
<msg timestamp="20241112 13:24:23.109" level="INFO">Temporally setting log level to: NONE</msg>
<msg timestamp="20241112 13:24:23.166" level="INFO">Log level changed from NONE to INFO.</msg>
<status status="PASS" starttime="20241112 13:24:23.059" endtime="20241112 13:24:23.167"/>
</kw>
<status status="PASS" starttime="20241112 13:24:23.058" endtime="20241112 13:24:23.167"/>
</kw>
<kw name="Set Password_confirmation">
<arg>Kevin_123</arg>
<kw name="Input Password" library="SeleniumLibrary">
<arg>password_confirmation</arg>
<arg>${password_confirmation}</arg>
<doc>Types the given password into the text field identified by ``locator``.</doc>
<msg timestamp="20241112 13:24:23.171" level="INFO">Typing password into text field 'password_confirmation'.</msg>
<msg timestamp="20241112 13:24:23.220" level="INFO">Temporally setting log level to: NONE</msg>
<msg timestamp="20241112 13:24:23.280" level="INFO">Log level changed from NONE to INFO.</msg>
<status status="PASS" starttime="20241112 13:24:23.169" endtime="20241112 13:24:23.281"/>
</kw>
<status status="PASS" starttime="20241112 13:24:23.168" endtime="20241112 13:24:23.281"/>
</kw>
<kw name="Submit Credentials">
<kw name="Click Button" library="SeleniumLibrary">
<arg>Register</arg>
<doc>Clicks the button identified by ``locator``.</doc>
<msg timestamp="20241112 13:24:23.283" level="INFO">Clicking button 'Register'.</msg>
<status status="PASS" starttime="20241112 13:24:23.282" endtime="20241112 13:24:23.372"/>
</kw>
<status status="PASS" starttime="20241112 13:24:23.281" endtime="20241112 13:24:23.372"/>
</kw>
<kw name="Register Should Fail With Message">
<arg>Username must be atleast 3 chars long</arg>
<kw name="Register Page Should Be Open" library="resource">
<kw name="Title Should Be" library="SeleniumLibrary">
<arg>Register</arg>
<doc>Verifies that the current page title equals ``title``.</doc>
<msg timestamp="20241112 13:24:23.397" level="INFO">Page title is 'Register'.</msg>
<status status="PASS" starttime="20241112 13:24:23.374" endtime="20241112 13:24:23.397"/>
</kw>
<status status="PASS" starttime="20241112 13:24:23.374" endtime="20241112 13:24:23.398"/>
</kw>
<kw name="Page Should Contain" library="SeleniumLibrary">
<arg>${message}</arg>
<doc>Verifies that current page contains ``text``.</doc>
<msg timestamp="20241112 13:24:23.423" level="INFO">Current page contains text 'Username must be atleast 3 chars long'.</msg>
<status status="PASS" starttime="20241112 13:24:23.398" endtime="20241112 13:24:23.423"/>
</kw>
<status status="PASS" starttime="20241112 13:24:23.373" endtime="20241112 13:24:23.423"/>
</kw>
<status status="PASS" starttime="20241112 13:24:22.884" endtime="20241112 13:24:23.424"/>
</test>
<test id="s1-s3-t3" name="Register With Valid Username And Too Short Password" line="24">
<kw name="Reset Application Create User And Go To Register Page" type="SETUP">
<kw name="Reset Application" library="AppLibrary">
<status status="PASS" starttime="20241112 13:24:23.426" endtime="20241112 13:24:23.432"/>
</kw>
<kw name="Go To Register Page" library="resource">
<kw name="Go To" library="SeleniumLibrary">
<arg>${REGISTER_URL}</arg>
<doc>Navigates the current browser window to the provided ``url``.</doc>
<msg timestamp="20241112 13:24:23.434" level="INFO">Opening url 'http://localhost:5001/register'</msg>
<status status="PASS" starttime="20241112 13:24:23.434" endtime="20241112 13:24:23.463"/>
</kw>
<status status="PASS" starttime="20241112 13:24:23.433" endtime="20241112 13:24:23.464"/>
</kw>
<status status="PASS" starttime="20241112 13:24:23.426" endtime="20241112 13:24:23.464"/>
</kw>
<kw name="Set Username">
<arg>Alvin</arg>
<kw name="Input Text" library="SeleniumLibrary">
<arg>username</arg>
<arg>${username}</arg>
<doc>Types the given ``text`` into the text field identified by ``locator``.</doc>
<msg timestamp="20241112 13:24:23.468" level="INFO">Typing text 'Alvin' into text field 'username'.</msg>
<status status="PASS" starttime="20241112 13:24:23.466" endtime="20241112 13:24:23.613"/>
</kw>
<status status="PASS" starttime="20241112 13:24:23.465" endtime="20241112 13:24:23.613"/>
</kw>
<kw name="Set Password">
<arg>Ke1</arg>
<kw name="Input Password" library="SeleniumLibrary">
<arg>password</arg>
<arg>${password}</arg>
<doc>Types the given password into the text field identified by ``locator``.</doc>
<msg timestamp="20241112 13:24:23.617" level="INFO">Typing password into text field 'password'.</msg>
<msg timestamp="20241112 13:24:23.671" level="INFO">Temporally setting log level to: NONE</msg>
<msg timestamp="20241112 13:24:23.746" level="INFO">Log level changed from NONE to INFO.</msg>
<status status="PASS" starttime="20241112 13:24:23.615" endtime="20241112 13:24:23.746"/>
</kw>
<status status="PASS" starttime="20241112 13:24:23.614" endtime="20241112 13:24:23.746"/>
</kw>
<kw name="Set Password_confirmation">
<arg>Ke1</arg>
<kw name="Input Password" library="SeleniumLibrary">
<arg>password_confirmation</arg>
<arg>${password_confirmation}</arg>
<doc>Types the given password into the text field identified by ``locator``.</doc>
<msg timestamp="20241112 13:24:23.750" level="INFO">Typing password into text field 'password_confirmation'.</msg>
<msg timestamp="20241112 13:24:23.807" level="INFO">Temporally setting log level to: NONE</msg>
<msg timestamp="20241112 13:24:23.860" level="INFO">Log level changed from NONE to INFO.</msg>
<status status="PASS" starttime="20241112 13:24:23.748" endtime="20241112 13:24:23.861"/>
</kw>
<status status="PASS" starttime="20241112 13:24:23.747" endtime="20241112 13:24:23.861"/>
</kw>
<kw name="Submit Credentials">
<kw name="Click Button" library="SeleniumLibrary">
<arg>Register</arg>
<doc>Clicks the button identified by ``locator``.</doc>
<msg timestamp="20241112 13:24:23.863" level="INFO">Clicking button 'Register'.</msg>
<status status="PASS" starttime="20241112 13:24:23.862" endtime="20241112 13:24:23.963"/>
</kw>
<status status="PASS" starttime="20241112 13:24:23.861" endtime="20241112 13:24:23.963"/>
</kw>
<kw name="Register Should Fail With Message">
<arg>Username must be atleast 8 chars long</arg>
<kw name="Register Page Should Be Open" library="resource">
<kw name="Title Should Be" library="SeleniumLibrary">
<arg>Register</arg>
<doc>Verifies that the current page title equals ``title``.</doc>
<msg timestamp="20241112 13:24:23.998" level="INFO">Page title is 'Register'.</msg>
<status status="PASS" starttime="20241112 13:24:23.966" endtime="20241112 13:24:23.998"/>
</kw>
<status status="PASS" starttime="20241112 13:24:23.965" endtime="20241112 13:24:23.998"/>
</kw>
<kw name="Page Should Contain" library="SeleniumLibrary">
<arg>${message}</arg>
<doc>Verifies that current page contains ``text``.</doc>
<msg timestamp="20241112 13:24:24.031" level="INFO">Current page contains text 'Username must be atleast 8 chars long'.</msg>
<status status="PASS" starttime="20241112 13:24:23.999" endtime="20241112 13:24:24.031"/>
</kw>
<status status="PASS" starttime="20241112 13:24:23.964" endtime="20241112 13:24:24.032"/>
</kw>
<status status="PASS" starttime="20241112 13:24:23.425" endtime="20241112 13:24:24.032"/>
</test>
<test id="s1-s3-t4" name="Register With Valid Username And Invalid Password" line="31">
<kw name="Reset Application Create User And Go To Register Page" type="SETUP">
<kw name="Reset Application" library="AppLibrary">
<status status="PASS" starttime="20241112 13:24:24.034" endtime="20241112 13:24:24.039"/>
</kw>
<kw name="Go To Register Page" library="resource">
<kw name="Go To" library="SeleniumLibrary">
<arg>${REGISTER_URL}</arg>
<doc>Navigates the current browser window to the provided ``url``.</doc>
<msg timestamp="20241112 13:24:24.040" level="INFO">Opening url 'http://localhost:5001/register'</msg>
<status status="PASS" starttime="20241112 13:24:24.040" endtime="20241112 13:24:24.077"/>
</kw>
<status status="PASS" starttime="20241112 13:24:24.039" endtime="20241112 13:24:24.077"/>
</kw>
<status status="PASS" starttime="20241112 13:24:24.033" endtime="20241112 13:24:24.077"/>
</kw>
<kw name="Set Username">
<arg>Alvun</arg>
<kw name="Input Text" library="SeleniumLibrary">
<arg>username</arg>
<arg>${username}</arg>
<doc>Types the given ``text`` into the text field identified by ``locator``.</doc>
<msg timestamp="20241112 13:24:24.079" level="INFO">Typing text 'Alvun' into text field 'username'.</msg>
<status status="PASS" starttime="20241112 13:24:24.078" endtime="20241112 13:24:24.195"/>
</kw>
<status status="PASS" starttime="20241112 13:24:24.077" endtime="20241112 13:24:24.195"/>
</kw>
<kw name="Set Password">
<arg>Kevincostner</arg>
<kw name="Input Password" library="SeleniumLibrary">
<arg>password</arg>
<arg>${password}</arg>
<doc>Types the given password into the text field identified by ``locator``.</doc>
<msg timestamp="20241112 13:24:24.197" level="INFO">Typing password into text field 'password'.</msg>
<msg timestamp="20241112 13:24:24.244" level="INFO">Temporally setting log level to: NONE</msg>
<msg timestamp="20241112 13:24:24.308" level="INFO">Log level changed from NONE to INFO.</msg>
<status status="PASS" starttime="20241112 13:24:24.196" endtime="20241112 13:24:24.308"/>
</kw>
<status status="PASS" starttime="20241112 13:24:24.195" endtime="20241112 13:24:24.308"/>
</kw>
<kw name="Set Password_confirmation">
<arg>Kevincostner</arg>
<kw name="Input Password" library="SeleniumLibrary">
<arg>password_confirmation</arg>
<arg>${password_confirmation}</arg>
<doc>Types the given password into the text field identified by ``locator``.</doc>
<msg timestamp="20241112 13:24:24.311" level="INFO">Typing password into text field 'password_confirmation'.</msg>
<msg timestamp="20241112 13:24:24.363" level="INFO">Temporally setting log level to: NONE</msg>
<msg timestamp="20241112 13:24:24.421" level="INFO">Log level changed from NONE to INFO.</msg>
<status status="PASS" starttime="20241112 13:24:24.310" endtime="20241112 13:24:24.422"/>
</kw>
<status status="PASS" starttime="20241112 13:24:24.309" endtime="20241112 13:24:24.422"/>
</kw>
<kw name="Submit Credentials">
<kw name="Click Button" library="SeleniumLibrary">
<arg>Register</arg>
<doc>Clicks the button identified by ``locator``.</doc>
<msg timestamp="20241112 13:24:24.424" level="INFO">Clicking button 'Register'.</msg>
<status status="PASS" starttime="20241112 13:24:24.423" endtime="20241112 13:24:24.511"/>
</kw>
<status status="PASS" starttime="20241112 13:24:24.422" endtime="20241112 13:24:24.511"/>
</kw>
<kw name="Register Should Fail With Message">
<arg>Invalid password</arg>
<kw name="Register Page Should Be Open" library="resource">
<kw name="Title Should Be" library="SeleniumLibrary">
<arg>Register</arg>
<doc>Verifies that the current page title equals ``title``.</doc>
<msg timestamp="20241112 13:24:24.541" level="INFO">Page title is 'Register'.</msg>
<status status="PASS" starttime="20241112 13:24:24.512" endtime="20241112 13:24:24.541"/>
</kw>
<status status="PASS" starttime="20241112 13:24:24.512" endtime="20241112 13:24:24.541"/>
</kw>
<kw name="Page Should Contain" library="SeleniumLibrary">
<arg>${message}</arg>
<doc>Verifies that current page contains ``text``.</doc>
<msg timestamp="20241112 13:24:24.575" level="INFO">Current page contains text 'Invalid password'.</msg>
<status status="PASS" starttime="20241112 13:24:24.542" endtime="20241112 13:24:24.576"/>
</kw>
<status status="PASS" starttime="20241112 13:24:24.511" endtime="20241112 13:24:24.576"/>
</kw>
<status status="PASS" starttime="20241112 13:24:24.033" endtime="20241112 13:24:24.576"/>
</test>
<test id="s1-s3-t5" name="Register With Nonmatching Password And Password Confirmation" line="39">
<kw name="Reset Application Create User And Go To Register Page" type="SETUP">
<kw name="Reset Application" library="AppLibrary">
<status status="PASS" starttime="20241112 13:24:24.577" endtime="20241112 13:24:24.582"/>
</kw>
<kw name="Go To Register Page" library="resource">
<kw name="Go To" library="SeleniumLibrary">
<arg>${REGISTER_URL}</arg>
<doc>Navigates the current browser window to the provided ``url``.</doc>
<msg timestamp="20241112 13:24:24.584" level="INFO">Opening url 'http://localhost:5001/register'</msg>
<status status="PASS" starttime="20241112 13:24:24.583" endtime="20241112 13:24:24.615"/>
</kw>
<status status="PASS" starttime="20241112 13:24:24.583" endtime="20241112 13:24:24.615"/>
</kw>
<status status="PASS" starttime="20241112 13:24:24.577" endtime="20241112 13:24:24.615"/>
</kw>
<kw name="Set Username">
<arg>Alvun</arg>
<kw name="Input Text" library="SeleniumLibrary">
<arg>username</arg>
<arg>${username}</arg>
<doc>Types the given ``text`` into the text field identified by ``locator``.</doc>
<msg timestamp="20241112 13:24:24.619" level="INFO">Typing text 'Alvun' into text field 'username'.</msg>
<status status="PASS" starttime="20241112 13:24:24.617" endtime="20241112 13:24:24.739"/>
</kw>
<status status="PASS" starttime="20241112 13:24:24.616" endtime="20241112 13:24:24.739"/>
</kw>
<kw name="Set Password">
<arg>Kevin_123</arg>
<kw name="Input Password" library="SeleniumLibrary">
<arg>password</arg>
<arg>${password}</arg>
<doc>Types the given password into the text field identified by ``locator``.</doc>
<msg timestamp="20241112 13:24:24.742" level="INFO">Typing password into text field 'password'.</msg>
<msg timestamp="20241112 13:24:24.797" level="INFO">Temporally setting log level to: NONE</msg>
<msg timestamp="20241112 13:24:24.886" level="INFO">Log level changed from NONE to INFO.</msg>
<status status="PASS" starttime="20241112 13:24:24.741" endtime="20241112 13:24:24.886"/>
</kw>
<status status="PASS" starttime="20241112 13:24:24.740" endtime="20241112 13:24:24.886"/>
</kw>
<kw name="Set Password_confirmation">
<arg>Kevin_125</arg>
<kw name="Input Password" library="SeleniumLibrary">
<arg>password_confirmation</arg>
<arg>${password_confirmation}</arg>
<doc>Types the given password into the text field identified by ``locator``.</doc>
<msg timestamp="20241112 13:24:24.888" level="INFO">Typing password into text field 'password_confirmation'.</msg>
<msg timestamp="20241112 13:24:24.938" level="INFO">Temporally setting log level to: NONE</msg>
<msg timestamp="20241112 13:24:25.012" level="INFO">Log level changed from NONE to INFO.</msg>
<status status="PASS" starttime="20241112 13:24:24.887" endtime="20241112 13:24:25.012"/>
</kw>
<status status="PASS" starttime="20241112 13:24:24.887" endtime="20241112 13:24:25.013"/>
</kw>
<kw name="Submit Credentials">
<kw name="Click Button" library="SeleniumLibrary">
<arg>Register</arg>
<doc>Clicks the button identified by ``locator``.</doc>
<msg timestamp="20241112 13:24:25.015" level="INFO">Clicking button 'Register'.</msg>
<status status="PASS" starttime="20241112 13:24:25.014" endtime="20241112 13:24:25.106"/>
</kw>
<status status="PASS" starttime="20241112 13:24:25.013" endtime="20241112 13:24:25.106"/>
</kw>
<kw name="Register Should Fail With Message">
<arg>Password was not confirmed</arg>
<kw name="Register Page Should Be Open" library="resource">
<kw name="Title Should Be" library="SeleniumLibrary">
<arg>Register</arg>
<doc>Verifies that the current page title equals ``title``.</doc>
<msg timestamp="20241112 13:24:25.133" level="INFO">Page title is 'Register'.</msg>
<status status="PASS" starttime="20241112 13:24:25.108" endtime="20241112 13:24:25.133"/>
</kw>
<status status="PASS" starttime="20241112 13:24:25.107" endtime="20241112 13:24:25.134"/>
</kw>
<kw name="Page Should Contain" library="SeleniumLibrary">
<arg>${message}</arg>
<doc>Verifies that current page contains ``text``.</doc>
<msg timestamp="20241112 13:24:25.160" level="INFO">Current page contains text 'Password was not confirmed'.</msg>
<status status="PASS" starttime="20241112 13:24:25.134" endtime="20241112 13:24:25.161"/>
</kw>
<status status="PASS" starttime="20241112 13:24:25.106" endtime="20241112 13:24:25.161"/>
</kw>
<status status="PASS" starttime="20241112 13:24:24.576" endtime="20241112 13:24:25.161"/>
</test>
<test id="s1-s3-t6" name="Register With Username That Is Already In Use" line="46">
<kw name="Reset Application Create User And Go To Register Page" type="SETUP">
<kw name="Reset Application" library="AppLibrary">
<status status="PASS" starttime="20241112 13:24:25.163" endtime="20241112 13:24:25.168"/>
</kw>
<kw name="Go To Register Page" library="resource">
<kw name="Go To" library="SeleniumLibrary">
<arg>${REGISTER_URL}</arg>
<doc>Navigates the current browser window to the provided ``url``.</doc>
<msg timestamp="20241112 13:24:25.170" level="INFO">Opening url 'http://localhost:5001/register'</msg>
<status status="PASS" starttime="20241112 13:24:25.169" endtime="20241112 13:24:25.206"/>
</kw>
<status status="PASS" starttime="20241112 13:24:25.169" endtime="20241112 13:24:25.206"/>
</kw>
<status status="PASS" starttime="20241112 13:24:25.162" endtime="20241112 13:24:25.207"/>
</kw>
<kw name="Set Username">
<arg>Hella</arg>
<kw name="Input Text" library="SeleniumLibrary">
<arg>username</arg>
<arg>${username}</arg>
<doc>Types the given ``text`` into the text field identified by ``locator``.</doc>
<msg timestamp="20241112 13:24:25.210" level="INFO">Typing text 'Hella' into text field 'username'.</msg>
<status status="PASS" starttime="20241112 13:24:25.208" endtime="20241112 13:24:25.324"/>
</kw>
<status status="PASS" starttime="20241112 13:24:25.207" endtime="20241112 13:24:25.325"/>
</kw>
<kw name="Set Password">
<arg>Kevin_123</arg>
<kw name="Input Password" library="SeleniumLibrary">
<arg>password</arg>
<arg>${password}</arg>
<doc>Types the given password into the text field identified by ``locator``.</doc>
<msg timestamp="20241112 13:24:25.328" level="INFO">Typing password into text field 'password'.</msg>
<msg timestamp="20241112 13:24:25.378" level="INFO">Temporally setting log level to: NONE</msg>
<msg timestamp="20241112 13:24:25.459" level="INFO">Log level changed from NONE to INFO.</msg>
<status status="PASS" starttime="20241112 13:24:25.327" endtime="20241112 13:24:25.460"/>
</kw>
<status status="PASS" starttime="20241112 13:24:25.325" endtime="20241112 13:24:25.460"/>
</kw>
<kw name="Set Password_confirmation">
<arg>Kevin_123</arg>
<kw name="Input Password" library="SeleniumLibrary">
<arg>password_confirmation</arg>
<arg>${password_confirmation}</arg>
<doc>Types the given password into the text field identified by ``locator``.</doc>
<msg timestamp="20241112 13:24:25.462" level="INFO">Typing password into text field 'password_confirmation'.</msg>
<msg timestamp="20241112 13:24:25.519" level="INFO">Temporally setting log level to: NONE</msg>
<msg timestamp="20241112 13:24:25.593" level="INFO">Log level changed from NONE to INFO.</msg>
<status status="PASS" starttime="20241112 13:24:25.461" endtime="20241112 13:24:25.593"/>
</kw>
<status status="PASS" starttime="20241112 13:24:25.460" endtime="20241112 13:24:25.593"/>
</kw>
<kw name="Submit Credentials">
<kw name="Click Button" library="SeleniumLibrary">
<arg>Register</arg>
<doc>Clicks the button identified by ``locator``.</doc>
<msg timestamp="20241112 13:24:25.596" level="INFO">Clicking button 'Register'.</msg>
<status status="PASS" starttime="20241112 13:24:25.595" endtime="20241112 13:24:25.696"/>
</kw>
<status status="PASS" starttime="20241112 13:24:25.594" endtime="20241112 13:24:25.696"/>
</kw>
<kw name="Go To Register Page" library="resource">
<kw name="Go To" library="SeleniumLibrary">
<arg>${REGISTER_URL}</arg>
<doc>Navigates the current browser window to the provided ``url``.</doc>
<msg timestamp="20241112 13:24:25.698" level="INFO">Opening url 'http://localhost:5001/register'</msg>
<status status="PASS" starttime="20241112 13:24:25.697" endtime="20241112 13:24:25.762"/>
</kw>
<status status="PASS" starttime="20241112 13:24:25.697" endtime="20241112 13:24:25.763"/>
</kw>
<kw name="Set Username">
<arg>Hella</arg>
<kw name="Input Text" library="SeleniumLibrary">
<arg>username</arg>
<arg>${username}</arg>
<doc>Types the given ``text`` into the text field identified by ``locator``.</doc>
<msg timestamp="20241112 13:24:25.764" level="INFO">Typing text 'Hella' into text field 'username'.</msg>
<status status="PASS" starttime="20241112 13:24:25.764" endtime="20241112 13:24:25.869"/>
</kw>
<status status="PASS" starttime="20241112 13:24:25.763" endtime="20241112 13:24:25.869"/>
</kw>
<kw name="Set Password">
<arg>Kevin_123</arg>
<kw name="Input Password" library="SeleniumLibrary">
<arg>password</arg>
<arg>${password}</arg>
<doc>Types the given password into the text field identified by ``locator``.</doc>
<msg timestamp="20241112 13:24:25.873" level="INFO">Typing password into text field 'password'.</msg>
<msg timestamp="20241112 13:24:25.924" level="INFO">Temporally setting log level to: NONE</msg>
<msg timestamp="20241112 13:24:25.986" level="INFO">Log level changed from NONE to INFO.</msg>
<status status="PASS" starttime="20241112 13:24:25.871" endtime="20241112 13:24:25.986"/>
</kw>
<status status="PASS" starttime="20241112 13:24:25.870" endtime="20241112 13:24:25.986"/>
</kw>
<kw name="Set Password_confirmation">
<arg>Kevin_123</arg>
<kw name="Input Password" library="SeleniumLibrary">
<arg>password_confirmation</arg>
<arg>${password_confirmation}</arg>
<doc>Types the given password into the text field identified by ``locator``.</doc>
<msg timestamp="20241112 13:24:25.989" level="INFO">Typing password into text field 'password_confirmation'.</msg>
<msg timestamp="20241112 13:24:26.037" level="INFO">Temporally setting log level to: NONE</msg>
<msg timestamp="20241112 13:24:26.102" level="INFO">Log level changed from NONE to INFO.</msg>
<status status="PASS" starttime="20241112 13:24:25.987" endtime="20241112 13:24:26.103"/>
</kw>
<status status="PASS" starttime="20241112 13:24:25.987" endtime="20241112 13:24:26.103"/>
</kw>
<kw name="Submit Credentials">
<kw name="Click Button" library="SeleniumLibrary">
<arg>Register</arg>
<doc>Clicks the button identified by ``locator``.</doc>
<msg timestamp="20241112 13:24:26.106" level="INFO">Clicking button 'Register'.</msg>
<status status="PASS" starttime="20241112 13:24:26.104" endtime="20241112 13:24:26.201"/>
</kw>
<status status="PASS" starttime="20241112 13:24:26.104" endtime="20241112 13:24:26.201"/>
</kw>
<kw name="Register Should Fail With Message">
<arg>User with username Hella already exists</arg>
<kw name="Register Page Should Be Open" library="resource">
<kw name="Title Should Be" library="SeleniumLibrary">
<arg>Register</arg>
<doc>Verifies that the current page title equals ``title``.</doc>
<msg timestamp="20241112 13:24:26.221" level="INFO">Page title is 'Register'.</msg>
<status status="PASS" starttime="20241112 13:24:26.202" endtime="20241112 13:24:26.221"/>
</kw>
<status status="PASS" starttime="20241112 13:24:26.202" endtime="20241112 13:24:26.221"/>
</kw>
<kw name="Page Should Contain" library="SeleniumLibrary">
<arg>${message}</arg>
<doc>Verifies that current page contains ``text``.</doc>
<msg timestamp="20241112 13:24:26.247" level="INFO">Current page contains text 'User with username Hella already exists'.</msg>
<status status="PASS" starttime="20241112 13:24:26.221" endtime="20241112 13:24:26.248"/>
</kw>
<status status="PASS" starttime="20241112 13:24:26.201" endtime="20241112 13:24:26.248"/>
</kw>
<status status="PASS" starttime="20241112 13:24:25.162" endtime="20241112 13:24:26.248"/>
</test>
<test id="s1-s3-t7" name="Login After Successful Registration" line="58">
<kw name="Reset Application Create User And Go To Register Page" type="SETUP">
<kw name="Reset Application" library="AppLibrary">
<status status="PASS" starttime="20241112 13:24:26.250" endtime="20241112 13:24:26.257"/>
</kw>
<kw name="Go To Register Page" library="resource">
<kw name="Go To" library="SeleniumLibrary">
<arg>${REGISTER_URL}</arg>
<doc>Navigates the current browser window to the provided ``url``.</doc>
<msg timestamp="20241112 13:24:26.258" level="INFO">Opening url 'http://localhost:5001/register'</msg>
<status status="PASS" starttime="20241112 13:24:26.258" endtime="20241112 13:24:26.294"/>
</kw>
<status status="PASS" starttime="20241112 13:24:26.257" endtime="20241112 13:24:26.294"/>
</kw>
<status status="PASS" starttime="20241112 13:24:26.250" endtime="20241112 13:24:26.294"/>
</kw>
<kw name="Set Username">
<arg>Hella</arg>
<kw name="Input Text" library="SeleniumLibrary">
<arg>username</arg>
<arg>${username}</arg>
<doc>Types the given ``text`` into the text field identified by ``locator``.</doc>
<msg timestamp="20241112 13:24:26.296" level="INFO">Typing text 'Hella' into text field 'username'.</msg>
<status status="PASS" starttime="20241112 13:24:26.295" endtime="20241112 13:24:26.401"/>
</kw>
<status status="PASS" starttime="20241112 13:24:26.294" endtime="20241112 13:24:26.402"/>
</kw>
<kw name="Set Password">
<arg>Kevin_123</arg>
<kw name="Input Password" library="SeleniumLibrary">
<arg>password</arg>
<arg>${password}</arg>
<doc>Types the given password into the text field identified by ``locator``.</doc>
<msg timestamp="20241112 13:24:26.404" level="INFO">Typing password into text field 'password'.</msg>
<msg timestamp="20241112 13:24:26.458" level="INFO">Temporally setting log level to: NONE</msg>
<msg timestamp="20241112 13:24:26.539" level="INFO">Log level changed from NONE to INFO.</msg>
<status status="PASS" starttime="20241112 13:24:26.403" endtime="20241112 13:24:26.539"/>
</kw>
<status status="PASS" starttime="20241112 13:24:26.402" endtime="20241112 13:24:26.539"/>
</kw>
<kw name="Set Password_confirmation">
<arg>Kevin_123</arg>
<kw name="Input Password" library="SeleniumLibrary">
<arg>password_confirmation</arg>
<arg>${password_confirmation}</arg>
<doc>Types the given password into the text field identified by ``locator``.</doc>
<msg timestamp="20241112 13:24:26.543" level="INFO">Typing password into text field 'password_confirmation'.</msg>
<msg timestamp="20241112 13:24:26.604" level="INFO">Temporally setting log level to: NONE</msg>
<msg timestamp="20241112 13:24:26.680" level="INFO">Log level changed from NONE to INFO.</msg>
<status status="PASS" starttime="20241112 13:24:26.541" endtime="20241112 13:24:26.680"/>
</kw>
<status status="PASS" starttime="20241112 13:24:26.540" endtime="20241112 13:24:26.681"/>
</kw>
<kw name="Submit Credentials">
<kw name="Click Button" library="SeleniumLibrary">
<arg>Register</arg>
<doc>Clicks the button identified by ``locator``.</doc>
<msg timestamp="20241112 13:24:26.683" level="INFO">Clicking button 'Register'.</msg>
<status status="PASS" starttime="20241112 13:24:26.682" endtime="20241112 13:24:26.787"/>
</kw>
<status status="PASS" starttime="20241112 13:24:26.681" endtime="20241112 13:24:26.787"/>
</kw>
<kw name="Go To Login Page" library="resource">
<kw name="Go To" library="SeleniumLibrary">
<arg>${LOGIN_URL}</arg>
<doc>Navigates the current browser window to the provided ``url``.</doc>
<msg timestamp="20241112 13:24:26.788" level="INFO">Opening url 'http://localhost:5001/login'</msg>
<status status="PASS" starttime="20241112 13:24:26.788" endtime="20241112 13:24:26.855"/>
</kw>
<status status="PASS" starttime="20241112 13:24:26.787" endtime="20241112 13:24:26.855"/>
</kw>
<kw name="Set Username">
<arg>Hella</arg>
<kw name="Input Text" library="SeleniumLibrary">
<arg>username</arg>
<arg>${username}</arg>
<doc>Types the given ``text`` into the text field identified by ``locator``.</doc>
<msg timestamp="20241112 13:24:26.858" level="INFO">Typing text 'Hella' into text field 'username'.</msg>
<status status="PASS" starttime="20241112 13:24:26.856" endtime="20241112 13:24:26.967"/>
</kw>
<status status="PASS" starttime="20241112 13:24:26.855" endtime="20241112 13:24:26.968"/>
</kw>
<kw name="Set Password">
<arg>Kevin_123</arg>
<kw name="Input Password" library="SeleniumLibrary">
<arg>password</arg>
<arg>${password}</arg>
<doc>Types the given password into the text field identified by ``locator``.</doc>
<msg timestamp="20241112 13:24:26.971" level="INFO">Typing password into text field 'password'.</msg>
<msg timestamp="20241112 13:24:27.029" level="INFO">Temporally setting log level to: NONE</msg>
<msg timestamp="20241112 13:24:27.093" level="INFO">Log level changed from NONE to INFO.</msg>
<status status="PASS" starttime="20241112 13:24:26.969" endtime="20241112 13:24:27.093"/>
</kw>
<status status="PASS" starttime="20241112 13:24:26.968" endtime="20241112 13:24:27.093"/>
</kw>
<kw name="Click Button" library="SeleniumLibrary">
<arg>Login</arg>
<doc>Clicks the button identified by ``locator``.</doc>
<msg timestamp="20241112 13:24:27.095" level="INFO">Clicking button 'Login'.</msg>
<status status="PASS" starttime="20241112 13:24:27.094" endtime="20241112 13:24:27.203"/>
</kw>
<kw name="Login Should Succeed">
<kw name="Main Page Should Be Open" library="resource">
<kw name="Title Should Be" library="SeleniumLibrary">
<arg>Ohtu Application main page</arg>
<doc>Verifies that the current page title equals ``title``.</doc>
<msg timestamp="20241112 13:24:27.242" level="INFO">Page title is 'Ohtu Application main page'.</msg>
<status status="PASS" starttime="20241112 13:24:27.205" endtime="20241112 13:24:27.243"/>
</kw>
<status status="PASS" starttime="20241112 13:24:27.204" endtime="20241112 13:24:27.243"/>
</kw>
<status status="PASS" starttime="20241112 13:24:27.203" endtime="20241112 13:24:27.243"/>
</kw>
<status status="PASS" starttime="20241112 13:24:26.249" endtime="20241112 13:24:27.244"/>
</test>
<test id="s1-s3-t8" name="Login After Failed Registration" line="69">
<kw name="Reset Application Create User And Go To Register Page" type="SETUP">
<kw name="Reset Application" library="AppLibrary">
<status status="PASS" starttime="20241112 13:24:27.249" endtime="20241112 13:24:27.257"/>
</kw>
<kw name="Go To Register Page" library="resource">
<kw name="Go To" library="SeleniumLibrary">
<arg>${REGISTER_URL}</arg>
<doc>Navigates the current browser window to the provided ``url``.</doc>
<msg timestamp="20241112 13:24:27.259" level="INFO">Opening url 'http://localhost:5001/register'</msg>
<status status="PASS" starttime="20241112 13:24:27.258" endtime="20241112 13:24:27.309"/>
</kw>
<status status="PASS" starttime="20241112 13:24:27.258" endtime="20241112 13:24:27.310"/>
</kw>
<status status="PASS" starttime="20241112 13:24:27.247" endtime="20241112 13:24:27.310"/>
</kw>
<kw name="Set Username">
<arg>Al</arg>
<kw name="Input Text" library="SeleniumLibrary">
<arg>username</arg>
<arg>${username}</arg>
<doc>Types the given ``text`` into the text field identified by ``locator``.</doc>
<msg timestamp="20241112 13:24:27.312" level="INFO">Typing text 'Al' into text field 'username'.</msg>
<status status="PASS" starttime="20241112 13:24:27.311" endtime="20241112 13:24:27.426"/>
</kw>
<status status="PASS" starttime="20241112 13:24:27.310" endtime="20241112 13:24:27.426"/>
</kw>
<kw name="Set Password">
<arg>Kevin_123</arg>
<kw name="Input Password" library="SeleniumLibrary">
<arg>password</arg>
<arg>${password}</arg>
<doc>Types the given password into the text field identified by ``locator``.</doc>
<msg timestamp="20241112 13:24:27.429" level="INFO">Typing password into text field 'password'.</msg>
<msg timestamp="20241112 13:24:27.488" level="INFO">Temporally setting log level to: NONE</msg>
<msg timestamp="20241112 13:24:27.549" level="INFO">Log level changed from NONE to INFO.</msg>
<status status="PASS" starttime="20241112 13:24:27.427" endtime="20241112 13:24:27.549"/>
</kw>
<status status="PASS" starttime="20241112 13:24:27.426" endtime="20241112 13:24:27.550"/>
</kw>
<kw name="Set Password_confirmation">
<arg>Kevin_123</arg>
<kw name="Input Password" library="SeleniumLibrary">
<arg>password_confirmation</arg>
<arg>${password_confirmation}</arg>
<doc>Types the given password into the text field identified by ``locator``.</doc>
<msg timestamp="20241112 13:24:27.554" level="INFO">Typing password into text field 'password_confirmation'.</msg>
<msg timestamp="20241112 13:24:27.617" level="INFO">Temporally setting log level to: NONE</msg>
<msg timestamp="20241112 13:24:27.699" level="INFO">Log level changed from NONE to INFO.</msg>
<status status="PASS" starttime="20241112 13:24:27.552" endtime="20241112 13:24:27.700"/>
</kw>
<status status="PASS" starttime="20241112 13:24:27.550" endtime="20241112 13:24:27.700"/>
</kw>
<kw name="Submit Credentials">
<kw name="Click Button" library="SeleniumLibrary">
<arg>Register</arg>
<doc>Clicks the button identified by ``locator``.</doc>
<msg timestamp="20241112 13:24:27.703" level="INFO">Clicking button 'Register'.</msg>
<status status="PASS" starttime="20241112 13:24:27.702" endtime="20241112 13:24:27.831"/>
</kw>
<status status="PASS" starttime="20241112 13:24:27.701" endtime="20241112 13:24:27.831"/>
</kw>
<kw name="Go To Login Page" library="resource">
<kw name="Go To" library="SeleniumLibrary">
<arg>${LOGIN_URL}</arg>
<doc>Navigates the current browser window to the provided ``url``.</doc>
<msg timestamp="20241112 13:24:27.833" level="INFO">Opening url 'http://localhost:5001/login'</msg>
<status status="PASS" starttime="20241112 13:24:27.832" endtime="20241112 13:24:27.876"/>
</kw>
<status status="PASS" starttime="20241112 13:24:27.832" endtime="20241112 13:24:27.876"/>
</kw>
<kw name="Set Username">
<arg>Al</arg>
<kw name="Input Text" library="SeleniumLibrary">
<arg>username</arg>
<arg>${username}</arg>
<doc>Types the given ``text`` into the text field identified by ``locator``.</doc>
<msg timestamp="20241112 13:24:27.879" level="INFO">Typing text 'Al' into text field 'username'.</msg>
<status status="PASS" starttime="20241112 13:24:27.878" endtime="20241112 13:24:27.995"/>
</kw>
<status status="PASS" starttime="20241112 13:24:27.877" endtime="20241112 13:24:27.995"/>
</kw>
<kw name="Set Password">
<arg>Kevin_123</arg>
<kw name="Input Password" library="SeleniumLibrary">
<arg>password</arg>
<arg>${password}</arg>
<doc>Types the given password into the text field identified by ``locator``.</doc>
<msg timestamp="20241112 13:24:27.999" level="INFO">Typing password into text field 'password'.</msg>
<msg timestamp="20241112 13:24:28.054" level="INFO">Temporally setting log level to: NONE</msg>
<msg timestamp="20241112 13:24:28.123" level="INFO">Log level changed from NONE to INFO.</msg>
<status status="PASS" starttime="20241112 13:24:27.997" endtime="20241112 13:24:28.123"/>
</kw>
<status status="PASS" starttime="20241112 13:24:27.996" endtime="20241112 13:24:28.123"/>
</kw>
<kw name="Click Button" library="SeleniumLibrary">
<arg>Login</arg>
<doc>Clicks the button identified by ``locator``.</doc>
<msg timestamp="20241112 13:24:28.125" level="INFO">Clicking button 'Login'.</msg>
<status status="PASS" starttime="20241112 13:24:28.124" endtime="20241112 13:24:28.237"/>
</kw>
<kw name="Login Should Fail With Message">
<arg>Invalid username or password</arg>
<kw name="Login Page Should Be Open" library="resource">
<kw name="Title Should Be" library="SeleniumLibrary">
<arg>Login</arg>
<doc>Verifies that the current page title equals ``title``.</doc>
<msg timestamp="20241112 13:24:28.263" level="INFO">Page title is 'Login'.</msg>
<status status="PASS" starttime="20241112 13:24:28.239" endtime="20241112 13:24:28.263"/>
</kw>
<status status="PASS" starttime="20241112 13:24:28.239" endtime="20241112 13:24:28.263"/>
</kw>
<kw name="Page Should Contain" library="SeleniumLibrary">
<arg>${message}</arg>
<doc>Verifies that current page contains ``text``.</doc>
<msg timestamp="20241112 13:24:28.295" level="INFO">Current page contains text 'Invalid username or password'.</msg>
<status status="PASS" starttime="20241112 13:24:28.264" endtime="20241112 13:24:28.295"/>
</kw>
<status status="PASS" starttime="20241112 13:24:28.238" endtime="20241112 13:24:28.295"/>
</kw>
<status status="PASS" starttime="20241112 13:24:27.245" endtime="20241112 13:24:28.295"/>
</test>
<kw name="Close Browser" library="SeleniumLibrary" type="TEARDOWN">
<doc>Closes the current browser.</doc>
<status status="PASS" starttime="20241112 13:24:28.296" endtime="20241112 13:24:28.371"/>
</kw>
<status status="PASS" starttime="20241112 13:24:21.500" endtime="20241112 13:24:28.372"/>
</suite>
<status status="PASS" starttime="20241112 13:24:17.695" endtime="20241112 13:24:28.377"/>
</suite>
<statistics>
<total>
<stat pass="13" fail="0" skip="0">All Tests</stat>
</total>
<tag>
</tag>
<suite>
<stat pass="13" fail="0" skip="0" id="s1" name="Tests">Tests</stat>
<stat pass="2" fail="0" skip="0" id="s1-s1" name="Home">Tests.Home</stat>
<stat pass="3" fail="0" skip="0" id="s1-s2" name="Login">Tests.Login</stat>
<stat pass="8" fail="0" skip="0" id="s1-s3" name="Register">Tests.Register</stat>
</suite>
</statistics>
<errors>
</errors>
</robot>
